Using pre-set license
Built from '2021.3/staging' branch; Version is '2021.3.19f1 (c9714fde33b6) revision 13201743'; Using compiler version '192829333'; Build Type 'Release'
OS: 'Windows 10  (10.0.19045) 64bit Core' Language: 'uk' Physical Memory: 8060 MB
BatchMode: 1, IsHumanControllingUs: 0, StartBugReporterOnCrash: 0, Is64bit: 1, IsPro: 1

COMMAND LINE ARGUMENTS:
C:\Program Files\Unity\Hub\Editor\2021.3.19f1\Editor\Unity.exe
-adb2
-batchMode
-noUpm
-name
AssetImportWorker1
-projectPath
D:/Unity/House3D/House3D
-logFile
Logs/AssetImportWorker1.log
-srvPort
54102
Successfully changed project path to: D:/Unity/House3D/House3D
D:/Unity/House3D/House3D
[UnityMemory] Configuration Parameters - Can be set up in boot.config
    "memorysetup-bucket-allocator-granularity=16"
    "memorysetup-bucket-allocator-bucket-count=8"
    "memorysetup-bucket-allocator-block-size=33554432"
    "memorysetup-bucket-allocator-block-count=8"
    "memorysetup-main-allocator-block-size=16777216"
    "memorysetup-thread-allocator-block-size=16777216"
    "memorysetup-gfx-main-allocator-block-size=16777216"
    "memorysetup-gfx-thread-allocator-block-size=16777216"
    "memorysetup-cache-allocator-block-size=4194304"
    "memorysetup-typetree-allocator-block-size=2097152"
    "memorysetup-profiler-bucket-allocator-granularity=16"
    "memorysetup-profiler-bucket-allocator-bucket-count=8"
    "memorysetup-profiler-bucket-allocator-block-size=33554432"
    "memorysetup-profiler-bucket-allocator-block-count=8"
    "memorysetup-profiler-allocator-block-size=16777216"
    "memorysetup-profiler-editor-allocator-block-size=1048576"
    "memorysetup-temp-allocator-size-main=16777216"
    "memorysetup-job-temp-allocator-block-size=2097152"
    "memorysetup-job-temp-allocator-block-size-background=1048576"
    "memorysetup-job-temp-allocator-reduction-small-platforms=262144"
    "memorysetup-temp-allocator-size-background-worker=32768"
    "memorysetup-temp-allocator-size-job-worker=262144"
    "memorysetup-temp-allocator-size-preload-manager=33554432"
    "memorysetup-temp-allocator-size-nav-mesh-worker=65536"
    "memorysetup-temp-allocator-size-audio-worker=65536"
    "memorysetup-temp-allocator-size-cloud-worker=32768"
    "memorysetup-temp-allocator-size-gi-baking-worker=262144"
    "memorysetup-temp-allocator-size-gfx=262144"
Player connection [19920] Host "[IP] 192.168.1.120 [Port] 0 [Flags] 2 [Guid] 3252580303 [EditorId] 3252580303 [Version] 1048832 [Id] WindowsEditor(7,DESKTOP-C2K7U42) [Debug] 1 [PackageName] WindowsEditor [ProjectName] Editor" joined multi-casting on [225.0.0.222:54997]...

Player connection [19920] Host "[IP] 192.168.1.120 [Port] 0 [Flags] 2 [Guid] 3252580303 [EditorId] 3252580303 [Version] 1048832 [Id] WindowsEditor(7,DESKTOP-C2K7U42) [Debug] 1 [PackageName] WindowsEditor [ProjectName] Editor" joined alternative multi-casting on [225.0.0.222:34997]...

Refreshing native plugins compatible for Editor in 107.03 ms, found 3 plugins.
Preloading 0 native plugins for Editor in 0.00 ms.
Initialize engine version: 2021.3.19f1 (c9714fde33b6)
[Subsystems] Discovering subsystems at path C:/Program Files/Unity/Hub/Editor/2021.3.19f1/Editor/Data/Resources/UnitySubsystems
[Subsystems] Discovering subsystems at path D:/Unity/House3D/House3D/Assets
GfxDevice: creating device client; threaded=0; jobified=0
Direct3D:
    Version:  Direct3D 11.0 [level 11.1]
    Renderer: NVIDIA GeForce MX250 (ID=0x1d13)
    Vendor:   NVIDIA
    VRAM:     1983 MB
    Driver:   30.0.14.9729
Initialize mono
Mono path[0] = 'C:/Program Files/Unity/Hub/Editor/2021.3.19f1/Editor/Data/Managed'
Mono path[1] = 'C:/Program Files/Unity/Hub/Editor/2021.3.19f1/Editor/Data/MonoBleedingEdge/lib/mono/unityjit-win32'
Mono config path = 'C:/Program Files/Unity/Hub/Editor/2021.3.19f1/Editor/Data/MonoBleedingEdge/etc'
Using monoOptions --debugger-agent=transport=dt_socket,embedding=1,server=y,suspend=n,address=127.0.0.1:56472
Begin MonoManager ReloadAssembly
Registering precompiled unity dll's ...
Register platform support module: C:/Program Files/Unity/Hub/Editor/2021.3.19f1/Editor/Data/PlaybackEngines/WebGLSupport/UnityEditor.WebGL.Extensions.dll
Register platform support module: C:/Program Files/Unity/Hub/Editor/2021.3.19f1/Editor/Data/PlaybackEngines/AndroidPlayer/UnityEditor.Android.Extensions.dll
Register platform support module: C:/Program Files/Unity/Hub/Editor/2021.3.19f1/Editor/Data/PlaybackEngines/WindowsStandaloneSupport/UnityEditor.WindowsStandalone.Extensions.dll
Register platform support module: C:/Program Files/Unity/Hub/Editor/2021.3.19f1/Editor/Data/PlaybackEngines/MetroSupport/UnityEditor.UWP.Extensions.dll
Registered in 0.013510 seconds.
Native extension for UWP target not found
Native extension for WindowsStandalone target not found
Native extension for Android target not found
Android Extension - Scanning For ADB Devices 454 ms
Native extension for WebGL target not found
Refreshing native plugins compatible for Editor in 152.20 ms, found 3 plugins.
Preloading 0 native plugins for Editor in 0.00 ms.
Mono: successfully reloaded assembly
- Completed reload, in  1.737 seconds
Domain Reload Profiling:
	ReloadAssembly (1738ms)
		BeginReloadAssembly (181ms)
			ExecutionOrderSort (0ms)
			DisableScriptedObjects (0ms)
			BackupInstance (0ms)
			ReleaseScriptingObjects (0ms)
			CreateAndSetChildDomain (1ms)
		EndReloadAssembly (1379ms)
			LoadAssemblies (179ms)
			RebuildTransferFunctionScriptingTraits (0ms)
			SetupTypeCache (211ms)
			ReleaseScriptCaches (0ms)
			RebuildScriptCaches (57ms)
			SetupLoadedEditorAssemblies (997ms)
				LogAssemblyErrors (0ms)
				InitializePlatformSupportModulesInManaged (596ms)
				SetLoadedEditorAssemblies (0ms)
				RefreshPlugins (152ms)
				BeforeProcessingInitializeOnLoad (2ms)
				ProcessInitializeOnLoadAttributes (176ms)
				ProcessInitializeOnLoadMethodAttributes (70ms)
				AfterProcessingInitializeOnLoad (0ms)
				EditorAssembliesLoaded (0ms)
			ExecutionOrderSort2 (0ms)
			AwakeInstancesAfterBackupRestoration (0ms)
Platform modules already initialized, skipping
Registering precompiled user dll's ...
Registered in 0.003462 seconds.
Begin MonoManager ReloadAssembly
Symbol file LoadedFromMemory doesn't match image D:\Unity\House3D\House3D\Library\PackageCache\com.unity.visualscripting@1.8.0\Editor\VisualScripting.Core\Dependencies\YamlDotNet\Unity.VisualScripting.YamlDotNet.dll
Symbol file LoadedFromMemory doesn't match image D:\Unity\House3D\House3D\Library\PackageCache\com.unity.visualscripting@1.8.0\Editor\VisualScripting.Core\Dependencies\DotNetZip\Unity.VisualScripting.IonicZip.dll
Native extension for UWP target not found
Native extension for WindowsStandalone target not found
Native extension for Android target not found
Native extension for WebGL target not found
Refreshing native plugins compatible for Editor in 0.57 ms, found 3 plugins.
Preloading 0 native plugins for Editor in 0.00 ms.
Mono: successfully reloaded assembly
- Completed reload, in  2.314 seconds
Domain Reload Profiling:
	ReloadAssembly (2315ms)
		BeginReloadAssembly (295ms)
			ExecutionOrderSort (0ms)
			DisableScriptedObjects (23ms)
			BackupInstance (0ms)
			ReleaseScriptingObjects (0ms)
			CreateAndSetChildDomain (34ms)
		EndReloadAssembly (1753ms)
			LoadAssemblies (211ms)
			RebuildTransferFunctionScriptingTraits (0ms)
			SetupTypeCache (663ms)
			ReleaseScriptCaches (1ms)
			RebuildScriptCaches (127ms)
			SetupLoadedEditorAssemblies (659ms)
				LogAssemblyErrors (0ms)
				InitializePlatformSupportModulesInManaged (48ms)
				SetLoadedEditorAssemblies (0ms)
				RefreshPlugins (1ms)
				BeforeProcessingInitializeOnLoad (153ms)
				ProcessInitializeOnLoadAttributes (421ms)
				ProcessInitializeOnLoadMethodAttributes (25ms)
				AfterProcessingInitializeOnLoad (10ms)
				EditorAssembliesLoaded (0ms)
			ExecutionOrderSort2 (0ms)
			AwakeInstancesAfterBackupRestoration (12ms)
Platform modules already initialized, skipping
========================================================================
Worker process is ready to serve import requests
Launched and connected shader compiler UnityShaderCompiler.exe after 0.10 seconds
Refreshing native plugins compatible for Editor in 1.00 ms, found 3 plugins.
Preloading 0 native plugins for Editor in 0.00 ms.
Unloading 3047 Unused Serialized files (Serialized files now loaded: 0)
Unloading 24 unused Assets / (113.3 KB). Loaded Objects now: 3511.
Memory consumption went from 107.8 MB to 107.7 MB.
Total: 5.153500 ms (FindLiveObjects: 0.400800 ms CreateObjectMapping: 0.352000 ms MarkObjects: 4.239000 ms  DeleteObjects: 0.160200 ms)

AssetImportParameters requested are different than current active one (requested -> active):
  custom:video-decoder-ogg-theora: a1e56fd34408186e4bbccfd4996cb3dc -> 
  custom:container-muxer-webm: aa71ff27fc2769a1b78a27578f13a17b -> 
  custom:container-demuxer-webm: 4f35f7cbe854078d1ac9338744f61a02 -> 
  custom:video-encoder-webm-vp8: eb34c28f22e8b96e1ab97ce403110664 -> 
  custom:audio-encoder-webm-vorbis: bf7c407c2cedff20999df2af8eb42d56 -> 
  custom:framework-win-MediaFoundation: 216162199b28c13a410421893ffa2e32 -> 
  custom:container-demuxer-ogg: 62fdf1f143b41e24485cea50d1cbac27 -> 
  custom:video-decoder-webm-vp8: 9c59270c3fd7afecdb556c50c9e8de78 -> 
  custom:audio-decoder-ogg-vorbis: bf7c407c2cedff20999df2af8eb42d56 -> 
========================================================================
Received Import Request.
  Time since last request: 464340.539939 seconds.
  path: Assets/7 InteriorTextures/InteriorTextures/igor/kvartira_1_komnt.fbm/12_1_16_d.jpg
  artifactKey: Guid(e029381bdf2b8a24b8cd4a7f5bf355f2) Importer(815301076,1909f56bfc062723c751e8b465ee728b)
Start importing Assets/7 InteriorTextures/InteriorTextures/igor/kvartira_1_komnt.fbm/12_1_16_d.jpg using Guid(e029381bdf2b8a24b8cd4a7f5bf355f2) Importer(815301076,1909f56bfc062723c751e8b465ee728b)  -> (artifact id: 'c6bcff7382156c3975a7d7f8a00705ac') in 0.149963 seconds 
========================================================================
Received Import Request.
  Time since last request: 0.000044 seconds.
  path: Assets/7 InteriorTextures/InteriorTextures/igor/kvartira_1_komnt.fbm/var 01.jpg
  artifactKey: Guid(e786a9b9d72d0e5428481a43c4fe1ea0) Importer(815301076,1909f56bfc062723c751e8b465ee728b)
Start importing Assets/7 InteriorTextures/InteriorTextures/igor/kvartira_1_komnt.fbm/var 01.jpg using Guid(e786a9b9d72d0e5428481a43c4fe1ea0) Importer(815301076,1909f56bfc062723c751e8b465ee728b)  -> (artifact id: 'ba567749bd78ca0b3c15772cfc2adc09') in 0.010793 seconds 
========================================================================
Received Import Request.
  Time since last request: 0.000035 seconds.
  path: Assets/7 InteriorTextures/InteriorTextures/igor/kvartira_1_komnt.fbm/12_1_16_r.jpg
  artifactKey: Guid(01ca067e4676f8141ad705d90470d82c) Importer(815301076,1909f56bfc062723c751e8b465ee728b)
Start importing Assets/7 InteriorTextures/InteriorTextures/igor/kvartira_1_komnt.fbm/12_1_16_r.jpg using Guid(01ca067e4676f8141ad705d90470d82c) Importer(815301076,1909f56bfc062723c751e8b465ee728b)  -> (artifact id: '0b031e729275a20d04a90239935e6676') in 0.015023 seconds 
========================================================================
Received Import Request.
  Time since last request: 0.000031 seconds.
  path: Assets/7 InteriorTextures/InteriorTextures/igor/kvartira_1_komnt.fbm/CreamTilePatternBump.jpg
  artifactKey: Guid(9ab9f03d250387d40a793f042242d373) Importer(815301076,1909f56bfc062723c751e8b465ee728b)
Start importing Assets/7 InteriorTextures/InteriorTextures/igor/kvartira_1_komnt.fbm/CreamTilePatternBump.jpg using Guid(9ab9f03d250387d40a793f042242d373) Importer(815301076,1909f56bfc062723c751e8b465ee728b)  -> (artifact id: 'e67fa7b814e179fbf4909e4318d5ad2b') in 0.060440 seconds 
========================================================================
Received Import Request.
  Time since last request: 0.000029 seconds.
  path: Assets/7 InteriorTextures/InteriorTextures/igor/kvartira_1_komnt.fbm/Leather0113_Muu.psd
  artifactKey: Guid(6cf203c05566362468d4c7494e324fde) Importer(815301076,1909f56bfc062723c751e8b465ee728b)
Start importing Assets/7 InteriorTextures/InteriorTextures/igor/kvartira_1_komnt.fbm/Leather0113_Muu.psd using Guid(6cf203c05566362468d4c7494e324fde) Importer(815301076,1909f56bfc062723c751e8b465ee728b)  -> (artifact id: '972b8d666993ca9ef83620067d8d45b8') in 0.015084 seconds 
========================================================================
Received Import Request.
  Time since last request: 0.000035 seconds.
  path: Assets/7 InteriorTextures/InteriorTextures/igor/kvartira_1_komnt.fbm/wall_white.psd
  artifactKey: Guid(9ef15388ac61f62479f08834efec037d) Importer(815301076,1909f56bfc062723c751e8b465ee728b)
Start importing Assets/7 InteriorTextures/InteriorTextures/igor/kvartira_1_komnt.fbm/wall_white.psd using Guid(9ef15388ac61f62479f08834efec037d) Importer(815301076,1909f56bfc062723c751e8b465ee728b)  -> (artifact id: 'c4c7f587364544f2d7c1fda86c2095b3') in 0.008254 seconds 
========================================================================
Received Import Request.
  Time since last request: 0.000023 seconds.
  path: Assets/7 InteriorTextures/InteriorTextures/igor/kvartira_1_komnt.fbm/black_fone.jpg
  artifactKey: Guid(b5fabfa7efa78ca42a52667c4fa7b32e) Importer(815301076,1909f56bfc062723c751e8b465ee728b)
Start importing Assets/7 InteriorTextures/InteriorTextures/igor/kvartira_1_komnt.fbm/black_fone.jpg using Guid(b5fabfa7efa78ca42a52667c4fa7b32e) Importer(815301076,1909f56bfc062723c751e8b465ee728b)  -> (artifact id: 'ba3e0144544bfe21e7ce661d99ad4538') in 0.012230 seconds 
========================================================================
Received Import Request.
  Time since last request: 0.000020 seconds.
  path: Assets/7 InteriorTextures/InteriorTextures/igor/kvartira_1_komnt.fbm/wall_beige.psd
  artifactKey: Guid(c36f2dc316b07a549b3c363d1a3705bb) Importer(815301076,1909f56bfc062723c751e8b465ee728b)
Start importing Assets/7 InteriorTextures/InteriorTextures/igor/kvartira_1_komnt.fbm/wall_beige.psd using Guid(c36f2dc316b07a549b3c363d1a3705bb) Importer(815301076,1909f56bfc062723c751e8b465ee728b)  -> (artifact id: '70044276dc2f3e4ca5d42a42cebb1151') in 0.022748 seconds 
========================================================================
Received Import Request.
  Time since last request: 0.000029 seconds.
  path: Assets/7 InteriorTextures/InteriorTextures/igor/kvartira_1_komnt.fbm/13_1_8_d.jpg
  artifactKey: Guid(7b1850b275b0cae41808160f3c69d1fc) Importer(815301076,1909f56bfc062723c751e8b465ee728b)
Start importing Assets/7 InteriorTextures/InteriorTextures/igor/kvartira_1_komnt.fbm/13_1_8_d.jpg using Guid(7b1850b275b0cae41808160f3c69d1fc) Importer(815301076,1909f56bfc062723c751e8b465ee728b)  -> (artifact id: 'e9981d5ea2a2ab0a385d8d97e7f07889') in 0.013088 seconds 
========================================================================
Received Import Request.
  Time since last request: 0.000020 seconds.
  path: Assets/7 InteriorTextures/InteriorTextures/igor/kvartira_1_komnt.fbm/Leather0113_Muu.jpg
  artifactKey: Guid(836979df609b9a14990a30fad63c7115) Importer(815301076,1909f56bfc062723c751e8b465ee728b)
Start importing Assets/7 InteriorTextures/InteriorTextures/igor/kvartira_1_komnt.fbm/Leather0113_Muu.jpg using Guid(836979df609b9a14990a30fad63c7115) Importer(815301076,1909f56bfc062723c751e8b465ee728b)  -> (artifact id: '9094f9fc3168c3d273f49a23f84de476') in 0.009898 seconds 
========================================================================
Received Import Request.
  Time since last request: 0.000025 seconds.
  path: Assets/7 InteriorTextures/InteriorTextures/igor/kvartira_1_komnt.fbm/watermelon.png
  artifactKey: Guid(36700817a658f83479d2be505ed7cd13) Importer(815301076,1909f56bfc062723c751e8b465ee728b)
Start importing Assets/7 InteriorTextures/InteriorTextures/igor/kvartira_1_komnt.fbm/watermelon.png using Guid(36700817a658f83479d2be505ed7cd13) Importer(815301076,1909f56bfc062723c751e8b465ee728b)  -> (artifact id: '4315adb9cd033b0f772dd5637a20a9be') in 0.023434 seconds 
========================================================================
Received Import Request.
  Time since last request: 0.000024 seconds.
  path: Assets/7 InteriorTextures/InteriorTextures/igor/kvartira_1_komnt.fbm/pol_1kom_kv_normal.psd
  artifactKey: Guid(cf91b446e6c552047b9f84fda8241b95) Importer(815301076,1909f56bfc062723c751e8b465ee728b)
Start importing Assets/7 InteriorTextures/InteriorTextures/igor/kvartira_1_komnt.fbm/pol_1kom_kv_normal.psd using Guid(cf91b446e6c552047b9f84fda8241b95) Importer(815301076,1909f56bfc062723c751e8b465ee728b)  -> (artifact id: 'acfee595d6f32e9b36c555a1841ab422') in 0.013609 seconds 
========================================================================
Received Import Request.
  Time since last request: 0.000034 seconds.
  path: Assets/7 InteriorTextures/InteriorTextures/igor/kvartira_1_komnt.fbm/f_3.jpg
  artifactKey: Guid(ef472069270601044a4b962cb28ce7fa) Importer(815301076,1909f56bfc062723c751e8b465ee728b)
Start importing Assets/7 InteriorTextures/InteriorTextures/igor/kvartira_1_komnt.fbm/f_3.jpg using Guid(ef472069270601044a4b962cb28ce7fa) Importer(815301076,1909f56bfc062723c751e8b465ee728b)  -> (artifact id: '0b7d24d3f0380f72236eb6cc58a047b2') in 0.010637 seconds 
========================================================================
Received Import Request.
  Time since last request: 68.253878 seconds.
  path: Assets/7 InteriorTextures/InteriorTextures/erismann_poesia_4096_12.1000x1000w_spec 1.psd
  artifactKey: Guid(66bd156905dc71b4fb1f9916b7a8cb24) Importer(815301076,1909f56bfc062723c751e8b465ee728b)
Start importing Assets/7 InteriorTextures/InteriorTextures/erismann_poesia_4096_12.1000x1000w_spec 1.psd using Guid(66bd156905dc71b4fb1f9916b7a8cb24) Importer(815301076,1909f56bfc062723c751e8b465ee728b)  -> (artifact id: '1a2c955aebeaeddee3e02372dea8a3e6') in 0.014913 seconds 
========================================================================
Received Import Request.
  Time since last request: 0.000019 seconds.
  path: Assets/7 InteriorTextures/InteriorTextures/pol-1.jpg
  artifactKey: Guid(829b994cce8a2034eb8e152302fc1093) Importer(815301076,1909f56bfc062723c751e8b465ee728b)
Start importing Assets/7 InteriorTextures/InteriorTextures/pol-1.jpg using Guid(829b994cce8a2034eb8e152302fc1093) Importer(815301076,1909f56bfc062723c751e8b465ee728b)  -> (artifact id: 'fa5de46d01744f6cb6691cdb62e1f769') in 0.019187 seconds 
========================================================================
Received Import Request.
  Time since last request: 0.000023 seconds.
  path: Assets/7 InteriorTextures/InteriorTextures/pol-2.jpg
  artifactKey: Guid(33aabf6de73983743b30f1225de51aa5) Importer(815301076,1909f56bfc062723c751e8b465ee728b)
Start importing Assets/7 InteriorTextures/InteriorTextures/pol-2.jpg using Guid(33aabf6de73983743b30f1225de51aa5) Importer(815301076,1909f56bfc062723c751e8b465ee728b)  -> (artifact id: '04cecc8ffc3f0d5f0819e80534e6545c') in 0.046181 seconds 
========================================================================
Received Import Request.
  Time since last request: 762.410259 seconds.
  path: Assets/7.4 Pillow_02/Pillow_02/Pillows_02.mat
  artifactKey: Guid(7bb2f47904fcd5b40a5883159e8a3074) Importer(815301076,1909f56bfc062723c751e8b465ee728b)
Start importing Assets/7.4 Pillow_02/Pillow_02/Pillows_02.mat using Guid(7bb2f47904fcd5b40a5883159e8a3074) Importer(815301076,1909f56bfc062723c751e8b465ee728b)  -> (artifact id: '906e5de71b9ddc5811feef8de0e41303') in 0.353444 seconds 
========================================================================
Received Import Request.
  Time since last request: 0.000041 seconds.
  path: Assets/7.4 Pillow_02/Pillow_02/Pillows_Red.mat
  artifactKey: Guid(fa59774c3e3367945afe7d993a9eae07) Importer(815301076,1909f56bfc062723c751e8b465ee728b)
Start importing Assets/7.4 Pillow_02/Pillow_02/Pillows_Red.mat using Guid(fa59774c3e3367945afe7d993a9eae07) Importer(815301076,1909f56bfc062723c751e8b465ee728b)  -> (artifact id: 'daa4281eec81160995eee2219572cee4') in 0.275015 seconds 
