Using pre-set license
Built from '2021.3/staging' branch; Version is '2021.3.19f1 (c9714fde33b6) revision 13201743'; Using compiler version '192829333'; Build Type 'Release'
OS: 'Windows 10  (10.0.19045) 64bit Core' Language: 'uk' Physical Memory: 8060 MB
BatchMode: 1, IsHumanControllingUs: 0, StartBugReporterOnCrash: 0, Is64bit: 1, IsPro: 1

COMMAND LINE ARGUMENTS:
C:\Program Files\Unity\Hub\Editor\2021.3.19f1\Editor\Unity.exe
-adb2
-batchMode
-noUpm
-name
AssetImportWorker0
-projectPath
D:/Unity/House3D/House3D
-logFile
Logs/AssetImportWorker0.log
-srvPort
60145
Successfully changed project path to: D:/Unity/House3D/House3D
D:/Unity/House3D/House3D
[UnityMemory] Configuration Parameters - Can be set up in boot.config
    "memorysetup-bucket-allocator-granularity=16"
    "memorysetup-bucket-allocator-bucket-count=8"
    "memorysetup-bucket-allocator-block-size=33554432"
    "memorysetup-bucket-allocator-block-count=8"
    "memorysetup-main-allocator-block-size=16777216"
    "memorysetup-thread-allocator-block-size=16777216"
    "memorysetup-gfx-main-allocator-block-size=16777216"
    "memorysetup-gfx-thread-allocator-block-size=16777216"
    "memorysetup-cache-allocator-block-size=4194304"
    "memorysetup-typetree-allocator-block-size=2097152"
    "memorysetup-profiler-bucket-allocator-granularity=16"
    "memorysetup-profiler-bucket-allocator-bucket-count=8"
    "memorysetup-profiler-bucket-allocator-block-size=33554432"
    "memorysetup-profiler-bucket-allocator-block-count=8"
    "memorysetup-profiler-allocator-block-size=16777216"
    "memorysetup-profiler-editor-allocator-block-size=1048576"
    "memorysetup-temp-allocator-size-main=16777216"
    "memorysetup-job-temp-allocator-block-size=2097152"
    "memorysetup-job-temp-allocator-block-size-background=1048576"
    "memorysetup-job-temp-allocator-reduction-small-platforms=262144"
    "memorysetup-temp-allocator-size-background-worker=32768"
    "memorysetup-temp-allocator-size-job-worker=262144"
    "memorysetup-temp-allocator-size-preload-manager=33554432"
    "memorysetup-temp-allocator-size-nav-mesh-worker=65536"
    "memorysetup-temp-allocator-size-audio-worker=65536"
    "memorysetup-temp-allocator-size-cloud-worker=32768"
    "memorysetup-temp-allocator-size-gi-baking-worker=262144"
    "memorysetup-temp-allocator-size-gfx=262144"
Player connection [5912] Host "[IP] 192.168.1.120 [Port] 0 [Flags] 2 [Guid] 3025120872 [EditorId] 3025120872 [Version] 1048832 [Id] WindowsEditor(7,DESKTOP-C2K7U42) [Debug] 1 [PackageName] WindowsEditor [ProjectName] Editor" joined multi-casting on [225.0.0.222:54997]...

Player connection [5912] Host "[IP] 192.168.1.120 [Port] 0 [Flags] 2 [Guid] 3025120872 [EditorId] 3025120872 [Version] 1048832 [Id] WindowsEditor(7,DESKTOP-C2K7U42) [Debug] 1 [PackageName] WindowsEditor [ProjectName] Editor" joined alternative multi-casting on [225.0.0.222:34997]...

Refreshing native plugins compatible for Editor in 88.87 ms, found 3 plugins.
Preloading 0 native plugins for Editor in 0.00 ms.
Initialize engine version: 2021.3.19f1 (c9714fde33b6)
[Subsystems] Discovering subsystems at path C:/Program Files/Unity/Hub/Editor/2021.3.19f1/Editor/Data/Resources/UnitySubsystems
[Subsystems] Discovering subsystems at path D:/Unity/House3D/House3D/Assets
GfxDevice: creating device client; threaded=0; jobified=0
Direct3D:
    Version:  Direct3D 11.0 [level 11.1]
    Renderer: NVIDIA GeForce MX250 (ID=0x1d13)
    Vendor:   NVIDIA
    VRAM:     1983 MB
    Driver:   30.0.14.9729
Initialize mono
Mono path[0] = 'C:/Program Files/Unity/Hub/Editor/2021.3.19f1/Editor/Data/Managed'
Mono path[1] = 'C:/Program Files/Unity/Hub/Editor/2021.3.19f1/Editor/Data/MonoBleedingEdge/lib/mono/unityjit-win32'
Mono config path = 'C:/Program Files/Unity/Hub/Editor/2021.3.19f1/Editor/Data/MonoBleedingEdge/etc'
Using monoOptions --debugger-agent=transport=dt_socket,embedding=1,server=y,suspend=n,address=127.0.0.1:56840
Begin MonoManager ReloadAssembly
Registering precompiled unity dll's ...
Register platform support module: C:/Program Files/Unity/Hub/Editor/2021.3.19f1/Editor/Data/PlaybackEngines/WebGLSupport/UnityEditor.WebGL.Extensions.dll
Register platform support module: C:/Program Files/Unity/Hub/Editor/2021.3.19f1/Editor/Data/PlaybackEngines/AndroidPlayer/UnityEditor.Android.Extensions.dll
Register platform support module: C:/Program Files/Unity/Hub/Editor/2021.3.19f1/Editor/Data/PlaybackEngines/WindowsStandaloneSupport/UnityEditor.WindowsStandalone.Extensions.dll
Register platform support module: C:/Program Files/Unity/Hub/Editor/2021.3.19f1/Editor/Data/PlaybackEngines/MetroSupport/UnityEditor.UWP.Extensions.dll
Registered in 0.013841 seconds.
Native extension for UWP target not found
Native extension for WindowsStandalone target not found
Native extension for Android target not found
Android Extension - Scanning For ADB Devices 254 ms
Native extension for WebGL target not found
Refreshing native plugins compatible for Editor in 82.58 ms, found 3 plugins.
Preloading 0 native plugins for Editor in 0.00 ms.
Mono: successfully reloaded assembly
- Completed reload, in  1.008 seconds
Domain Reload Profiling:
	ReloadAssembly (1008ms)
		BeginReloadAssembly (114ms)
			ExecutionOrderSort (0ms)
			DisableScriptedObjects (0ms)
			BackupInstance (0ms)
			ReleaseScriptingObjects (0ms)
			CreateAndSetChildDomain (1ms)
		EndReloadAssembly (776ms)
			LoadAssemblies (114ms)
			RebuildTransferFunctionScriptingTraits (0ms)
			SetupTypeCache (117ms)
			ReleaseScriptCaches (0ms)
			RebuildScriptCaches (30ms)
			SetupLoadedEditorAssemblies (570ms)
				LogAssemblyErrors (0ms)
				InitializePlatformSupportModulesInManaged (348ms)
				SetLoadedEditorAssemblies (0ms)
				RefreshPlugins (83ms)
				BeforeProcessingInitializeOnLoad (1ms)
				ProcessInitializeOnLoadAttributes (90ms)
				ProcessInitializeOnLoadMethodAttributes (48ms)
				AfterProcessingInitializeOnLoad (0ms)
				EditorAssembliesLoaded (0ms)
			ExecutionOrderSort2 (0ms)
			AwakeInstancesAfterBackupRestoration (0ms)
Platform modules already initialized, skipping
Registering precompiled user dll's ...
Registered in 0.003718 seconds.
Begin MonoManager ReloadAssembly
Symbol file LoadedFromMemory doesn't match image D:\Unity\House3D\House3D\Library\PackageCache\com.unity.visualscripting@1.8.0\Editor\VisualScripting.Core\Dependencies\YamlDotNet\Unity.VisualScripting.YamlDotNet.dll
Symbol file LoadedFromMemory doesn't match image D:\Unity\House3D\House3D\Library\PackageCache\com.unity.visualscripting@1.8.0\Editor\VisualScripting.Core\Dependencies\DotNetZip\Unity.VisualScripting.IonicZip.dll
Native extension for UWP target not found
Native extension for WindowsStandalone target not found
Native extension for Android target not found
Native extension for WebGL target not found
Refreshing native plugins compatible for Editor in 0.56 ms, found 3 plugins.
Preloading 0 native plugins for Editor in 0.00 ms.
Mono: successfully reloaded assembly
- Completed reload, in  1.320 seconds
Domain Reload Profiling:
	ReloadAssembly (1321ms)
		BeginReloadAssembly (145ms)
			ExecutionOrderSort (0ms)
			DisableScriptedObjects (8ms)
			BackupInstance (0ms)
			ReleaseScriptingObjects (0ms)
			CreateAndSetChildDomain (20ms)
		EndReloadAssembly (973ms)
			LoadAssemblies (145ms)
			RebuildTransferFunctionScriptingTraits (0ms)
			SetupTypeCache (363ms)
			ReleaseScriptCaches (1ms)
			RebuildScriptCaches (67ms)
			SetupLoadedEditorAssemblies (347ms)
				LogAssemblyErrors (0ms)
				InitializePlatformSupportModulesInManaged (21ms)
				SetLoadedEditorAssemblies (0ms)
				RefreshPlugins (1ms)
				BeforeProcessingInitializeOnLoad (81ms)
				ProcessInitializeOnLoadAttributes (216ms)
				ProcessInitializeOnLoadMethodAttributes (19ms)
				AfterProcessingInitializeOnLoad (9ms)
				EditorAssembliesLoaded (0ms)
			ExecutionOrderSort2 (0ms)
			AwakeInstancesAfterBackupRestoration (6ms)
Platform modules already initialized, skipping
========================================================================
Worker process is ready to serve import requests
Launched and connected shader compiler UnityShaderCompiler.exe after 0.05 seconds
Refreshing native plugins compatible for Editor in 0.50 ms, found 3 plugins.
Preloading 0 native plugins for Editor in 0.00 ms.
Unloading 3047 Unused Serialized files (Serialized files now loaded: 0)
Unloading 24 unused Assets / (113.4 KB). Loaded Objects now: 3509.
Memory consumption went from 107.8 MB to 107.7 MB.
Total: 3.419900 ms (FindLiveObjects: 0.292400 ms CreateObjectMapping: 0.213400 ms MarkObjects: 2.771900 ms  DeleteObjects: 0.140900 ms)

AssetImportParameters requested are different than current active one (requested -> active):
  custom:video-decoder-ogg-theora: a1e56fd34408186e4bbccfd4996cb3dc -> 
  custom:container-muxer-webm: aa71ff27fc2769a1b78a27578f13a17b -> 
  custom:container-demuxer-webm: 4f35f7cbe854078d1ac9338744f61a02 -> 
  custom:video-encoder-webm-vp8: eb34c28f22e8b96e1ab97ce403110664 -> 
  custom:audio-encoder-webm-vorbis: bf7c407c2cedff20999df2af8eb42d56 -> 
  custom:framework-win-MediaFoundation: 216162199b28c13a410421893ffa2e32 -> 
  custom:container-demuxer-ogg: 62fdf1f143b41e24485cea50d1cbac27 -> 
  custom:video-decoder-webm-vp8: 9c59270c3fd7afecdb556c50c9e8de78 -> 
  custom:audio-decoder-ogg-vorbis: bf7c407c2cedff20999df2af8eb42d56 -> 
========================================================================
Received Import Request.
  Time since last request: 446820.121951 seconds.
  path: Assets/7 Interior.fbx
  artifactKey: Guid(f39cc5c1ba96a934981b5e8269678dbb) Importer(815301076,1909f56bfc062723c751e8b465ee728b)
Start importing Assets/7 Interior.fbx using Guid(f39cc5c1ba96a934981b5e8269678dbb) Importer(815301076,1909f56bfc062723c751e8b465ee728b)  -> (artifact id: 'f552536c007e833b9f61f87ef2de02ca') in 1.869839 seconds 
========================================================================
Received Import Request.
  Time since last request: 28.016122 seconds.
  path: Assets/7 Interior.fbx
  artifactKey: Guid(f39cc5c1ba96a934981b5e8269678dbb) Importer(815301076,1909f56bfc062723c751e8b465ee728b)
Start importing Assets/7 Interior.fbx using Guid(f39cc5c1ba96a934981b5e8269678dbb) Importer(815301076,1909f56bfc062723c751e8b465ee728b)  -> (artifact id: 'a5728f46e8b718f0ccd4075807805905') in 0.885628 seconds 
========================================================================
Received Import Request.
  Time since last request: 93.085138 seconds.
  path: Assets/7 Interior.fbx
  artifactKey: Guid(f39cc5c1ba96a934981b5e8269678dbb) Importer(815301076,1909f56bfc062723c751e8b465ee728b)
Start importing Assets/7 Interior.fbx using Guid(f39cc5c1ba96a934981b5e8269678dbb) Importer(815301076,1909f56bfc062723c751e8b465ee728b)  -> (artifact id: '177a5ca32e25860dd4d3045195bdbf19') in 0.743975 seconds 
========================================================================
Received Import Request.
  Time since last request: 5.522130 seconds.
  path: Assets/7 Shell.fbx
  artifactKey: Guid(951ea0771d8b59947bf66f86a2608726) Importer(815301076,1909f56bfc062723c751e8b465ee728b)
Start importing Assets/7 Shell.fbx using Guid(951ea0771d8b59947bf66f86a2608726) Importer(815301076,1909f56bfc062723c751e8b465ee728b)  -> (artifact id: '4e16ee4a40d00a6a1140986a7d8261a6') in 0.035119 seconds 
========================================================================
Received Import Request.
  Time since last request: 840.360223 seconds.
  path: Assets/7 Interior.fbx
  artifactKey: Guid(f39cc5c1ba96a934981b5e8269678dbb) Importer(815301076,1909f56bfc062723c751e8b465ee728b)
Start importing Assets/7 Interior.fbx using Guid(f39cc5c1ba96a934981b5e8269678dbb) Importer(815301076,1909f56bfc062723c751e8b465ee728b)  -> (artifact id: 'f771de3f2e8198fe2fb218195edee74c') in 0.534711 seconds 
========================================================================
Received Import Request.
  Time since last request: 108.801733 seconds.
  path: Assets
  artifactKey: Guid(00000000000000001000000000000000) Importer(815301076,1909f56bfc062723c751e8b465ee728b)
Start importing Assets using Guid(00000000000000001000000000000000) Importer(815301076,1909f56bfc062723c751e8b465ee728b)  -> (artifact id: '79842766b460edbeab6a34051e857a80') in 0.001978 seconds 
========================================================================
Received Import Request.
  Time since last request: 12.805291 seconds.
  path: Assets/NoName.mat
  artifactKey: Guid(c9be8b1e84b4c8249b7b4611b3666366) Importer(815301076,1909f56bfc062723c751e8b465ee728b)
Start importing Assets/NoName.mat using Guid(c9be8b1e84b4c8249b7b4611b3666366) Importer(815301076,1909f56bfc062723c751e8b465ee728b)  -> (artifact id: 'f7fbf74838c3b8650eac67a2db8a2ca7') in 0.018212 seconds 
========================================================================
Received Import Request.
  Time since last request: 39.994910 seconds.
  path: Assets/InteriorMaterials
  artifactKey: Guid(f7337dce2d4c07c449176fb6d7afc2cc) Importer(815301076,1909f56bfc062723c751e8b465ee728b)
Start importing Assets/InteriorMaterials using Guid(f7337dce2d4c07c449176fb6d7afc2cc) Importer(815301076,1909f56bfc062723c751e8b465ee728b)  -> (artifact id: '97087b16902aad4c3cf2a5cd2eceaf47') in 0.003731 seconds 
========================================================================
Received Import Request.
  Time since last request: 0.081864 seconds.
  path: Assets/InteriorMaterials/2 - VRayM.mat
  artifactKey: Guid(fe0ae019804766540aba2fa788696564) Importer(815301076,1909f56bfc062723c751e8b465ee728b)
Start importing Assets/InteriorMaterials/2 - VRayM.mat using Guid(fe0ae019804766540aba2fa788696564) Importer(815301076,1909f56bfc062723c751e8b465ee728b)  -> (artifact id: 'eaba50d445c65b1c68ee84cd011ce789') in 0.009956 seconds 
========================================================================
Received Import Request.
  Time since last request: 0.000029 seconds.
  path: Assets/InteriorMaterials/Frames.mat
  artifactKey: Guid(be189fa1f71e5f5439e0242013982c0d) Importer(815301076,1909f56bfc062723c751e8b465ee728b)
Start importing Assets/InteriorMaterials/Frames.mat using Guid(be189fa1f71e5f5439e0242013982c0d) Importer(815301076,1909f56bfc062723c751e8b465ee728b)  -> (artifact id: 'de6f9592177405df66243d61c184a5d9') in 0.013037 seconds 
========================================================================
Received Import Request.
  Time since last request: 0.000020 seconds.
  path: Assets/InteriorMaterials/African Cherry Satin.mat
  artifactKey: Guid(5d870427467c32240929a675db31dc2d) Importer(815301076,1909f56bfc062723c751e8b465ee728b)
Start importing Assets/InteriorMaterials/African Cherry Satin.mat using Guid(5d870427467c32240929a675db31dc2d) Importer(815301076,1909f56bfc062723c751e8b465ee728b)  -> (artifact id: 'a04b7ae64015e13c5f016340fe8deb37') in 0.034136 seconds 
========================================================================
Received Import Request.
  Time since last request: 0.000029 seconds.
  path: Assets/InteriorMaterials/Material #4.mat
  artifactKey: Guid(42fcd5ac8e9de314a8e994dfc4e0d73a) Importer(815301076,1909f56bfc062723c751e8b465ee728b)
Start importing Assets/InteriorMaterials/Material #4.mat using Guid(42fcd5ac8e9de314a8e994dfc4e0d73a) Importer(815301076,1909f56bfc062723c751e8b465ee728b)  -> (artifact id: 'cb7bed163a6910ebe10636480551dfc8') in 0.021206 seconds 
========================================================================
Received Import Request.
  Time since last request: 0.000040 seconds.
  path: Assets/InteriorMaterials/Material #869.mat
  artifactKey: Guid(494d787c335ba4048b938d2400bf448c) Importer(815301076,1909f56bfc062723c751e8b465ee728b)
Start importing Assets/InteriorMaterials/Material #869.mat using Guid(494d787c335ba4048b938d2400bf448c) Importer(815301076,1909f56bfc062723c751e8b465ee728b)  -> (artifact id: '47f565c6faebdbbc79361c3c737fbd1b') in 0.014363 seconds 
========================================================================
Received Import Request.
  Time since last request: 0.000032 seconds.
  path: Assets/InteriorMaterials/glass tr solid 01.mat
  artifactKey: Guid(f55d5bad2f2935e4887e60a1965dc234) Importer(815301076,1909f56bfc062723c751e8b465ee728b)
Start importing Assets/InteriorMaterials/glass tr solid 01.mat using Guid(f55d5bad2f2935e4887e60a1965dc234) Importer(815301076,1909f56bfc062723c751e8b465ee728b)  -> (artifact id: 'b8bfded9097f2766df72f3ef0a5b89aa') in 0.018580 seconds 
========================================================================
Received Import Request.
  Time since last request: 0.000026 seconds.
  path: Assets/InteriorMaterials/beige_walls.mat
  artifactKey: Guid(921b4899d87333a44851d59dcf108160) Importer(815301076,1909f56bfc062723c751e8b465ee728b)
Start importing Assets/InteriorMaterials/beige_walls.mat using Guid(921b4899d87333a44851d59dcf108160) Importer(815301076,1909f56bfc062723c751e8b465ee728b)  -> (artifact id: '0a2cf3bde972e33dbc12e75e2658a0fa') in 0.012285 seconds 
========================================================================
Received Import Request.
  Time since last request: 0.000027 seconds.
  path: Assets/InteriorMaterials/Material #2128177853.mat
  artifactKey: Guid(215b090a32f26934185665a465f3a00b) Importer(815301076,1909f56bfc062723c751e8b465ee728b)
Start importing Assets/InteriorMaterials/Material #2128177853.mat using Guid(215b090a32f26934185665a465f3a00b) Importer(815301076,1909f56bfc062723c751e8b465ee728b)  -> (artifact id: '42857a532729485587215614a247d239') in 0.011375 seconds 
========================================================================
Received Import Request.
  Time since last request: 0.000040 seconds.
  path: Assets/InteriorMaterials/Whigt gloss.mat
  artifactKey: Guid(77606b71ec6363345ae3db28761adf2f) Importer(815301076,1909f56bfc062723c751e8b465ee728b)
Start importing Assets/InteriorMaterials/Whigt gloss.mat using Guid(77606b71ec6363345ae3db28761adf2f) Importer(815301076,1909f56bfc062723c751e8b465ee728b)  -> (artifact id: '59399a865c1429533ccba2c17e481613') in 0.013383 seconds 
========================================================================
Received Import Request.
  Time since last request: 0.000031 seconds.
  path: Assets/InteriorMaterials/Material #2143571157.mat
  artifactKey: Guid(844624174aa29be43a6387a33c49f47b) Importer(815301076,1909f56bfc062723c751e8b465ee728b)
Start importing Assets/InteriorMaterials/Material #2143571157.mat using Guid(844624174aa29be43a6387a33c49f47b) Importer(815301076,1909f56bfc062723c751e8b465ee728b)  -> (artifact id: 'f8c8bb297c88c418bd9b256cf124bad5') in 0.010534 seconds 
========================================================================
Received Import Request.
  Time since last request: 0.000032 seconds.
  path: Assets/InteriorMaterials/Black mat.mat
  artifactKey: Guid(644eed76be92e5045a0af226c5c87734) Importer(815301076,1909f56bfc062723c751e8b465ee728b)
Start importing Assets/InteriorMaterials/Black mat.mat using Guid(644eed76be92e5045a0af226c5c87734) Importer(815301076,1909f56bfc062723c751e8b465ee728b)  -> (artifact id: '33f41300b70af0b78627f1001dcbfc9e') in 0.011664 seconds 
========================================================================
Received Import Request.
  Time since last request: 0.000020 seconds.
  path: Assets/InteriorMaterials/glass panel 01.mat
  artifactKey: Guid(0f71c389fb875cb49851b41538375dd0) Importer(815301076,1909f56bfc062723c751e8b465ee728b)
Start importing Assets/InteriorMaterials/glass panel 01.mat using Guid(0f71c389fb875cb49851b41538375dd0) Importer(815301076,1909f56bfc062723c751e8b465ee728b)  -> (artifact id: '4491b3a7a0efb2aa28436e2a4d942e80') in 0.010978 seconds 
========================================================================
Received Import Request.
  Time since last request: 0.000031 seconds.
  path: Assets/InteriorMaterials/white_side_of_book1.mat
  artifactKey: Guid(e144caae0ebe9d04b9d14ecc4db2e5a9) Importer(815301076,1909f56bfc062723c751e8b465ee728b)
Start importing Assets/InteriorMaterials/white_side_of_book1.mat using Guid(e144caae0ebe9d04b9d14ecc4db2e5a9) Importer(815301076,1909f56bfc062723c751e8b465ee728b)  -> (artifact id: '1e95d70568b1f13d5acd6845e6b6be6a') in 0.011904 seconds 
========================================================================
Received Import Request.
  Time since last request: 0.000023 seconds.
  path: Assets/InteriorMaterials/Standardmaterial_uuuu.mat
  artifactKey: Guid(02ecd8ded6e23e947bf5984bd6186eaa) Importer(815301076,1909f56bfc062723c751e8b465ee728b)
Start importing Assets/InteriorMaterials/Standardmaterial_uuuu.mat using Guid(02ecd8ded6e23e947bf5984bd6186eaa) Importer(815301076,1909f56bfc062723c751e8b465ee728b)  -> (artifact id: '362a772ce9488a09201f538449906393') in 0.012501 seconds 
========================================================================
Received Import Request.
  Time since last request: 0.000029 seconds.
  path: Assets/InteriorMaterials/Plintus.mat
  artifactKey: Guid(8df3d368ab190cb48bc78687614daf9f) Importer(815301076,1909f56bfc062723c751e8b465ee728b)
Start importing Assets/InteriorMaterials/Plintus.mat using Guid(8df3d368ab190cb48bc78687614daf9f) Importer(815301076,1909f56bfc062723c751e8b465ee728b)  -> (artifact id: '19748a468df65b1f4a4f19a8d7e0c76f') in 0.010037 seconds 
========================================================================
Received Import Request.
  Time since last request: 0.000116 seconds.
  path: Assets/InteriorMaterials/stoleshnica.mat
  artifactKey: Guid(7cb9284aec4a4e548b2bb5933c4c0b4c) Importer(815301076,1909f56bfc062723c751e8b465ee728b)
Start importing Assets/InteriorMaterials/stoleshnica.mat using Guid(7cb9284aec4a4e548b2bb5933c4c0b4c) Importer(815301076,1909f56bfc062723c751e8b465ee728b)  -> (artifact id: '2e38532c4ca2c1703749430a98aeb0f3') in 0.011235 seconds 
========================================================================
Received Import Request.
  Time since last request: 0.000059 seconds.
  path: Assets/InteriorMaterials/Material #2143571414.mat
  artifactKey: Guid(9984240dacf7f0a45a7ec805b66ff398) Importer(815301076,1909f56bfc062723c751e8b465ee728b)
Start importing Assets/InteriorMaterials/Material #2143571414.mat using Guid(9984240dacf7f0a45a7ec805b66ff398) Importer(815301076,1909f56bfc062723c751e8b465ee728b)  -> (artifact id: 'ba3b874e33d8ccc9bcb243f87bd1ad96') in 0.009191 seconds 
========================================================================
Received Import Request.
  Time since last request: 0.000028 seconds.
  path: Assets/InteriorMaterials/glass_door.mat
  artifactKey: Guid(6613dceb33891804cbb566c419e3701c) Importer(815301076,1909f56bfc062723c751e8b465ee728b)
Start importing Assets/InteriorMaterials/glass_door.mat using Guid(6613dceb33891804cbb566c419e3701c) Importer(815301076,1909f56bfc062723c751e8b465ee728b)  -> (artifact id: '1f781e1aaa6d47223550d2fc9c4613ae') in 0.011553 seconds 
========================================================================
Received Import Request.
  Time since last request: 0.000023 seconds.
  path: Assets/InteriorMaterials/var panel 01.mat
  artifactKey: Guid(7afcdf459231e2b45917d79e2ef4fa58) Importer(815301076,1909f56bfc062723c751e8b465ee728b)
Start importing Assets/InteriorMaterials/var panel 01.mat using Guid(7afcdf459231e2b45917d79e2ef4fa58) Importer(815301076,1909f56bfc062723c751e8b465ee728b)  -> (artifact id: '753d563c630262b8d02218d9ba0715c4') in 0.013841 seconds 
========================================================================
Received Import Request.
  Time since last request: 0.000025 seconds.
  path: Assets/InteriorMaterials/pol_1k_kv.mat
  artifactKey: Guid(72acd3507375d07458ffe8160c14e677) Importer(815301076,1909f56bfc062723c751e8b465ee728b)
Start importing Assets/InteriorMaterials/pol_1k_kv.mat using Guid(72acd3507375d07458ffe8160c14e677) Importer(815301076,1909f56bfc062723c751e8b465ee728b)  -> (artifact id: 'e9c1f6acb42822d0090027b1c0cb0f00') in 0.019954 seconds 
========================================================================
Received Import Request.
  Time since last request: 0.000051 seconds.
  path: Assets/InteriorMaterials/black pearl 01.mat
  artifactKey: Guid(70eabf2f9e1ab4142afd15c08b84a19e) Importer(815301076,1909f56bfc062723c751e8b465ee728b)
Start importing Assets/InteriorMaterials/black pearl 01.mat using Guid(70eabf2f9e1ab4142afd15c08b84a19e) Importer(815301076,1909f56bfc062723c751e8b465ee728b)  -> (artifact id: '46b36b4181565a46546f20fb1d100ebb') in 0.012959 seconds 
========================================================================
Received Import Request.
  Time since last request: 0.000030 seconds.
  path: Assets/InteriorMaterials/bronza!.mat
  artifactKey: Guid(5ed4e22c820a2cf419702c42cd8b05fb) Importer(815301076,1909f56bfc062723c751e8b465ee728b)
Start importing Assets/InteriorMaterials/bronza!.mat using Guid(5ed4e22c820a2cf419702c42cd8b05fb) Importer(815301076,1909f56bfc062723c751e8b465ee728b)  -> (artifact id: '1768c47f9580ed3c2f35e4775121b1b7') in 0.010834 seconds 
========================================================================
Received Import Request.
  Time since last request: 0.000025 seconds.
  path: Assets/InteriorMaterials/Material #2143571172.mat
  artifactKey: Guid(60e7502f12529024982c6b7d5bc76d18) Importer(815301076,1909f56bfc062723c751e8b465ee728b)
Start importing Assets/InteriorMaterials/Material #2143571172.mat using Guid(60e7502f12529024982c6b7d5bc76d18) Importer(815301076,1909f56bfc062723c751e8b465ee728b)  -> (artifact id: '8aef934663b167983f7d79a051233fba') in 0.012430 seconds 
========================================================================
Received Import Request.
  Time since last request: 0.000020 seconds.
  path: Assets/InteriorMaterials/plitk.mat
  artifactKey: Guid(ed981d1766fc5164bb13b1df0ca25ff5) Importer(815301076,1909f56bfc062723c751e8b465ee728b)
Start importing Assets/InteriorMaterials/plitk.mat using Guid(ed981d1766fc5164bb13b1df0ca25ff5) Importer(815301076,1909f56bfc062723c751e8b465ee728b)  -> (artifact id: '0596af27c4bec356df0f6f0c6c9eba24') in 0.013011 seconds 
========================================================================
Received Import Request.
  Time since last request: 0.000030 seconds.
  path: Assets/InteriorMaterials/Vanna_Green_Glass.mat
  artifactKey: Guid(f9cf86c1d8a494e458bd1f9102995aaf) Importer(815301076,1909f56bfc062723c751e8b465ee728b)
Start importing Assets/InteriorMaterials/Vanna_Green_Glass.mat using Guid(f9cf86c1d8a494e458bd1f9102995aaf) Importer(815301076,1909f56bfc062723c751e8b465ee728b)  -> (artifact id: '43982b5e3a090b2e2adef8d6b0667542') in 0.009191 seconds 
========================================================================
Received Import Request.
  Time since last request: 0.000022 seconds.
  path: Assets/InteriorMaterials/Material #2143571855.mat
  artifactKey: Guid(f64c922eae2ae0d4a958f9b61d2da9d7) Importer(815301076,1909f56bfc062723c751e8b465ee728b)
Start importing Assets/InteriorMaterials/Material #2143571855.mat using Guid(f64c922eae2ae0d4a958f9b61d2da9d7) Importer(815301076,1909f56bfc062723c751e8b465ee728b)  -> (artifact id: '10af57cad88f5cc057f5a903c6b33531') in 0.013850 seconds 
========================================================================
Received Import Request.
  Time since last request: 0.000021 seconds.
  path: Assets/InteriorMaterials/Rimskay shtora.mat
  artifactKey: Guid(ec315b3ac9adff446a75b5660c14951a) Importer(815301076,1909f56bfc062723c751e8b465ee728b)
Start importing Assets/InteriorMaterials/Rimskay shtora.mat using Guid(ec315b3ac9adff446a75b5660c14951a) Importer(815301076,1909f56bfc062723c751e8b465ee728b)  -> (artifact id: '38b627f3ab237b5b958a4b50d93af280') in 0.010500 seconds 
========================================================================
Received Import Request.
  Time since last request: 0.000027 seconds.
  path: Assets/InteriorMaterials/GLASS_COLORED.mat
  artifactKey: Guid(ac232de3067fe894d900afd79529590e) Importer(815301076,1909f56bfc062723c751e8b465ee728b)
Start importing Assets/InteriorMaterials/GLASS_COLORED.mat using Guid(ac232de3067fe894d900afd79529590e) Importer(815301076,1909f56bfc062723c751e8b465ee728b)  -> (artifact id: 'ca32bf4c954522dadabf7b9dd1bb8eb8') in 0.012695 seconds 
========================================================================
Received Import Request.
  Time since last request: 0.000022 seconds.
  path: Assets/InteriorMaterials/21 - Defaulthhhgk.mat
  artifactKey: Guid(f11059342cb0c804d9950114e6d24edf) Importer(815301076,1909f56bfc062723c751e8b465ee728b)
Start importing Assets/InteriorMaterials/21 - Defaulthhhgk.mat using Guid(f11059342cb0c804d9950114e6d24edf) Importer(815301076,1909f56bfc062723c751e8b465ee728b)  -> (artifact id: 'f20ddb0777d1565aeb7aad4fd51b5a9b') in 0.014776 seconds 
========================================================================
Received Import Request.
  Time since last request: 0.000053 seconds.
  path: Assets/InteriorMaterials/Material #2143571560.mat
  artifactKey: Guid(f80b51b113225c84da5fa867ce00ed77) Importer(815301076,1909f56bfc062723c751e8b465ee728b)
Start importing Assets/InteriorMaterials/Material #2143571560.mat using Guid(f80b51b113225c84da5fa867ce00ed77) Importer(815301076,1909f56bfc062723c751e8b465ee728b)  -> (artifact id: '263f84a1631a6feb77e094acd1728a5d') in 0.011929 seconds 
========================================================================
Received Import Request.
  Time since last request: 0.000022 seconds.
  path: Assets/InteriorMaterials/Standardmaterial667.mat
  artifactKey: Guid(c9be1870bc0e34a4faad72d57aac0328) Importer(815301076,1909f56bfc062723c751e8b465ee728b)
Start importing Assets/InteriorMaterials/Standardmaterial667.mat using Guid(c9be1870bc0e34a4faad72d57aac0328) Importer(815301076,1909f56bfc062723c751e8b465ee728b)  -> (artifact id: '3cf63dbdca0d46421244bae9c90175ec') in 0.011377 seconds 
========================================================================
Received Import Request.
  Time since last request: 0.000055 seconds.
  path: Assets/InteriorMaterials/Material #2143571860.mat
  artifactKey: Guid(4acd5dbe2f73fe845b429dfbcb7b7ee5) Importer(815301076,1909f56bfc062723c751e8b465ee728b)
Start importing Assets/InteriorMaterials/Material #2143571860.mat using Guid(4acd5dbe2f73fe845b429dfbcb7b7ee5) Importer(815301076,1909f56bfc062723c751e8b465ee728b)  -> (artifact id: '5248a34aa3d361f9c1ef7da0f18e1d8d') in 0.012386 seconds 
========================================================================
Received Import Request.
  Time since last request: 0.000017 seconds.
  path: Assets/InteriorMaterials/Material #2143571301.mat
  artifactKey: Guid(4c02bd455afcaf54585c015f9f59675c) Importer(815301076,1909f56bfc062723c751e8b465ee728b)
Start importing Assets/InteriorMaterials/Material #2143571301.mat using Guid(4c02bd455afcaf54585c015f9f59675c) Importer(815301076,1909f56bfc062723c751e8b465ee728b)  -> (artifact id: 'b85ddbbeda95f8240f31da11aef1daab') in 0.015698 seconds 
========================================================================
Received Import Request.
  Time since last request: 0.000043 seconds.
  path: Assets/InteriorMaterials/Whigt glossf.mat
  artifactKey: Guid(a5ef4a7b3d3e21b48ad8062cdd528a48) Importer(815301076,1909f56bfc062723c751e8b465ee728b)
Start importing Assets/InteriorMaterials/Whigt glossf.mat using Guid(a5ef4a7b3d3e21b48ad8062cdd528a48) Importer(815301076,1909f56bfc062723c751e8b465ee728b)  -> (artifact id: '516d78629bbfdbb5cf394d7d904b05cb') in 0.011589 seconds 
========================================================================
Received Import Request.
  Time since last request: 0.000036 seconds.
  path: Assets/InteriorMaterials/glass black 01.mat
  artifactKey: Guid(fd315641cbdeb8641a85049a0093cea2) Importer(815301076,1909f56bfc062723c751e8b465ee728b)
Start importing Assets/InteriorMaterials/glass black 01.mat using Guid(fd315641cbdeb8641a85049a0093cea2) Importer(815301076,1909f56bfc062723c751e8b465ee728b)  -> (artifact id: '7e37a174b03fe5434172657c72236fd6') in 0.013038 seconds 
========================================================================
Received Import Request.
  Time since last request: 0.000019 seconds.
  path: Assets/InteriorMaterials/Textil'2.mat
  artifactKey: Guid(0b7105920c6544746b60cd14f4e702c0) Importer(815301076,1909f56bfc062723c751e8b465ee728b)
Start importing Assets/InteriorMaterials/Textil'2.mat using Guid(0b7105920c6544746b60cd14f4e702c0) Importer(815301076,1909f56bfc062723c751e8b465ee728b)  -> (artifact id: '2472bbaeb23b61447ec153c8397a4da5') in 0.021930 seconds 
========================================================================
Received Import Request.
  Time since last request: 0.000045 seconds.
  path: Assets/InteriorMaterials/TV_screen.mat
  artifactKey: Guid(d19bc62bae422b3418cf069f00d150e9) Importer(815301076,1909f56bfc062723c751e8b465ee728b)
Start importing Assets/InteriorMaterials/TV_screen.mat using Guid(d19bc62bae422b3418cf069f00d150e9) Importer(815301076,1909f56bfc062723c751e8b465ee728b)  -> (artifact id: '089a2954f4b02a78b848e8225734f043') in 0.013934 seconds 
========================================================================
Received Import Request.
  Time since last request: 0.000046 seconds.
  path: Assets/InteriorMaterials/Glass gloss.mat
  artifactKey: Guid(10239ead40979d447b83bafab76517a8) Importer(815301076,1909f56bfc062723c751e8b465ee728b)
Start importing Assets/InteriorMaterials/Glass gloss.mat using Guid(10239ead40979d447b83bafab76517a8) Importer(815301076,1909f56bfc062723c751e8b465ee728b)  -> (artifact id: '1e9c6a6f6378330175d86aceb1adc6f8') in 0.015529 seconds 
========================================================================
Received Import Request.
  Time since last request: 0.000067 seconds.
  path: Assets/InteriorMaterials/Material #2143571408.mat
  artifactKey: Guid(c1bd67bdff279254b885c6ea5a362a4a) Importer(815301076,1909f56bfc062723c751e8b465ee728b)
Start importing Assets/InteriorMaterials/Material #2143571408.mat using Guid(c1bd67bdff279254b885c6ea5a362a4a) Importer(815301076,1909f56bfc062723c751e8b465ee728b)  -> (artifact id: '09f18f975800bd4a04c050648c43f3f1') in 0.009924 seconds 
========================================================================
Received Import Request.
  Time since last request: 0.000132 seconds.
  path: Assets/InteriorMaterials/lamb_white.mat
  artifactKey: Guid(bca28f5164992a0468a3430666ae9912) Importer(815301076,1909f56bfc062723c751e8b465ee728b)
Start importing Assets/InteriorMaterials/lamb_white.mat using Guid(bca28f5164992a0468a3430666ae9912) Importer(815301076,1909f56bfc062723c751e8b465ee728b)  -> (artifact id: '88a8438d725268d44c2a9c3a371c4472') in 0.012615 seconds 
========================================================================
Received Import Request.
  Time since last request: 0.000039 seconds.
  path: Assets/InteriorMaterials/potolok_natyazhnoi.mat
  artifactKey: Guid(2f0c0c98eee46a74aaa02b3ca59a6a2b) Importer(815301076,1909f56bfc062723c751e8b465ee728b)
Start importing Assets/InteriorMaterials/potolok_natyazhnoi.mat using Guid(2f0c0c98eee46a74aaa02b3ca59a6a2b) Importer(815301076,1909f56bfc062723c751e8b465ee728b)  -> (artifact id: '90f06bdb87c76b3735d41aa03c827671') in 0.015533 seconds 
========================================================================
Received Import Request.
  Time since last request: 0.000018 seconds.
  path: Assets/InteriorMaterials/Material #65.mat
  artifactKey: Guid(0dd0050c23afc674da8c54fcef004ef5) Importer(815301076,1909f56bfc062723c751e8b465ee728b)
Start importing Assets/InteriorMaterials/Material #65.mat using Guid(0dd0050c23afc674da8c54fcef004ef5) Importer(815301076,1909f56bfc062723c751e8b465ee728b)  -> (artifact id: '785a775160079e2756875c32b882fe95') in 0.010696 seconds 
========================================================================
Received Import Request.
  Time since last request: 0.000036 seconds.
  path: Assets/InteriorMaterials/TV.mat
  artifactKey: Guid(09e25045916599c4980b585a7b0f2880) Importer(815301076,1909f56bfc062723c751e8b465ee728b)
Start importing Assets/InteriorMaterials/TV.mat using Guid(09e25045916599c4980b585a7b0f2880) Importer(815301076,1909f56bfc062723c751e8b465ee728b)  -> (artifact id: '82ce252dc4baa856c5e2c5c9cdc9bca3') in 0.012675 seconds 
========================================================================
Received Import Request.
  Time since last request: 0.000039 seconds.
  path: Assets/InteriorMaterials/Material #20.mat
  artifactKey: Guid(2e98911013be3ea489130ae3a92594f8) Importer(815301076,1909f56bfc062723c751e8b465ee728b)
Start importing Assets/InteriorMaterials/Material #20.mat using Guid(2e98911013be3ea489130ae3a92594f8) Importer(815301076,1909f56bfc062723c751e8b465ee728b)  -> (artifact id: '8f9c3710b920864f44cbb261ad7f9e3f') in 0.017748 seconds 
========================================================================
Received Import Request.
  Time since last request: 0.000035 seconds.
  path: Assets/InteriorMaterials/Black gloss1.mat
  artifactKey: Guid(aeb4dbc7e2b0605449248dddc3e922ca) Importer(815301076,1909f56bfc062723c751e8b465ee728b)
Start importing Assets/InteriorMaterials/Black gloss1.mat using Guid(aeb4dbc7e2b0605449248dddc3e922ca) Importer(815301076,1909f56bfc062723c751e8b465ee728b)  -> (artifact id: '64e1979d465cc1d1827fea79a5e07ade') in 0.009503 seconds 
========================================================================
Received Import Request.
  Time since last request: 0.000065 seconds.
  path: Assets/InteriorMaterials/Textil'.mat
  artifactKey: Guid(43b852211b00e984bad32b69c2bad61a) Importer(815301076,1909f56bfc062723c751e8b465ee728b)
Start importing Assets/InteriorMaterials/Textil'.mat using Guid(43b852211b00e984bad32b69c2bad61a) Importer(815301076,1909f56bfc062723c751e8b465ee728b)  -> (artifact id: '4da3301be6134097ea322194b2796006') in 0.017832 seconds 
========================================================================
Received Import Request.
  Time since last request: 0.000042 seconds.
  path: Assets/InteriorMaterials/Textil'3.mat
  artifactKey: Guid(f1020c42e9ab0d54c8caa507da2fa620) Importer(815301076,1909f56bfc062723c751e8b465ee728b)
Start importing Assets/InteriorMaterials/Textil'3.mat using Guid(f1020c42e9ab0d54c8caa507da2fa620) Importer(815301076,1909f56bfc062723c751e8b465ee728b)  -> (artifact id: 'c606e6cb0e36ad5be373d70fcb545138') in 0.018801 seconds 
========================================================================
Received Import Request.
  Time since last request: 0.000026 seconds.
  path: Assets/InteriorMaterials/watermelon.mat
  artifactKey: Guid(f052261bb08266d4b8ec61b36104972d) Importer(815301076,1909f56bfc062723c751e8b465ee728b)
Start importing Assets/InteriorMaterials/watermelon.mat using Guid(f052261bb08266d4b8ec61b36104972d) Importer(815301076,1909f56bfc062723c751e8b465ee728b)  -> (artifact id: 'f19d211db4589f10e6c00fd19a3db4bb') in 0.015470 seconds 
========================================================================
Received Import Request.
  Time since last request: 0.000030 seconds.
  path: Assets/InteriorMaterials/Material #2143571233.mat
  artifactKey: Guid(47e612b7fd2a6fa46a45c2ee4093639e) Importer(815301076,1909f56bfc062723c751e8b465ee728b)
Start importing Assets/InteriorMaterials/Material #2143571233.mat using Guid(47e612b7fd2a6fa46a45c2ee4093639e) Importer(815301076,1909f56bfc062723c751e8b465ee728b)  -> (artifact id: 'fbe17d4574070ce19946ba896a8f8ca6') in 0.010490 seconds 
========================================================================
Received Import Request.
  Time since last request: 0.000028 seconds.
  path: Assets/InteriorMaterials/Textil'2jhjk.mat
  artifactKey: Guid(456b9c223fe2a1b4c8574c0a071ac2c8) Importer(815301076,1909f56bfc062723c751e8b465ee728b)
Start importing Assets/InteriorMaterials/Textil'2jhjk.mat using Guid(456b9c223fe2a1b4c8574c0a071ac2c8) Importer(815301076,1909f56bfc062723c751e8b465ee728b)  -> (artifact id: 'c06cce88dd185ba67c37c96511097d3c') in 0.011638 seconds 
========================================================================
Received Import Request.
  Time since last request: 0.000107 seconds.
  path: Assets/InteriorMaterials/Material #2143571557.mat
  artifactKey: Guid(b660afb1e4e566e42b35cfa0bee80767) Importer(815301076,1909f56bfc062723c751e8b465ee728b)
Start importing Assets/InteriorMaterials/Material #2143571557.mat using Guid(b660afb1e4e566e42b35cfa0bee80767) Importer(815301076,1909f56bfc062723c751e8b465ee728b)  -> (artifact id: '05ff9bec65219ba269358d3d9c427646') in 0.017866 seconds 
========================================================================
Received Import Request.
  Time since last request: 0.000067 seconds.
  path: Assets/InteriorMaterials/moika_classic.mat
  artifactKey: Guid(a774f13c1ebcbd645bce719b20f027ed) Importer(815301076,1909f56bfc062723c751e8b465ee728b)
Start importing Assets/InteriorMaterials/moika_classic.mat using Guid(a774f13c1ebcbd645bce719b20f027ed) Importer(815301076,1909f56bfc062723c751e8b465ee728b)  -> (artifact id: '80423275290c8d7a4e45cf423f78eb45') in 0.011520 seconds 
========================================================================
Received Import Request.
  Time since last request: 5.873693 seconds.
  path: Assets/InteriorMaterials/Windowsill.mat
  artifactKey: Guid(b18c8a7a5b6959941ab87ed376f8015a) Importer(815301076,1909f56bfc062723c751e8b465ee728b)
Start importing Assets/InteriorMaterials/Windowsill.mat using Guid(b18c8a7a5b6959941ab87ed376f8015a) Importer(815301076,1909f56bfc062723c751e8b465ee728b)  -> (artifact id: 'fe27be23814fc2d054ca109370966c60') in 0.007615 seconds 
========================================================================
Received Import Request.
  Time since last request: 0.000018 seconds.
  path: Assets/InteriorMaterials/ZERKALO.mat
  artifactKey: Guid(ca5297eeab00523498beca6de799f4a6) Importer(815301076,1909f56bfc062723c751e8b465ee728b)
Start importing Assets/InteriorMaterials/ZERKALO.mat using Guid(ca5297eeab00523498beca6de799f4a6) Importer(815301076,1909f56bfc062723c751e8b465ee728b)  -> (artifact id: '860fe06ef3a53b30e5c88758b231c148') in 0.007457 seconds 
========================================================================
Received Import Request.
  Time since last request: 238.337868 seconds.
  path: Assets/7 Interior.fbx
  artifactKey: Guid(f39cc5c1ba96a934981b5e8269678dbb) Importer(815301076,1909f56bfc062723c751e8b465ee728b)
Start importing Assets/7 Interior.fbx using Guid(f39cc5c1ba96a934981b5e8269678dbb) Importer(815301076,1909f56bfc062723c751e8b465ee728b)  -> (artifact id: '8d6bab624cdb178e0708a78deb3b9dc5') in 0.795895 seconds 
