Using pre-set license
Built from '2021.3/staging' branch; Version is '2021.3.19f1 (c9714fde33b6) revision 13201743'; Using compiler version '192829333'; Build Type 'Release'
OS: 'Windows 10  (10.0.19045) 64bit Core' Language: 'uk' Physical Memory: 8060 MB
BatchMode: 1, IsHumanControllingUs: 0, StartBugReporterOnCrash: 0, Is64bit: 1, IsPro: 1

COMMAND LINE ARGUMENTS:
C:\Program Files\Unity\Hub\Editor\2021.3.19f1\Editor\Unity.exe
-adb2
-batchMode
-noUpm
-name
AssetImportWorker1
-projectPath
D:/Unity/House3D/House3D
-logFile
Logs/AssetImportWorker1.log
-srvPort
60145
Successfully changed project path to: D:/Unity/House3D/House3D
D:/Unity/House3D/House3D
[UnityMemory] Configuration Parameters - Can be set up in boot.config
    "memorysetup-bucket-allocator-granularity=16"
    "memorysetup-bucket-allocator-bucket-count=8"
    "memorysetup-bucket-allocator-block-size=33554432"
    "memorysetup-bucket-allocator-block-count=8"
    "memorysetup-main-allocator-block-size=16777216"
    "memorysetup-thread-allocator-block-size=16777216"
    "memorysetup-gfx-main-allocator-block-size=16777216"
    "memorysetup-gfx-thread-allocator-block-size=16777216"
    "memorysetup-cache-allocator-block-size=4194304"
    "memorysetup-typetree-allocator-block-size=2097152"
    "memorysetup-profiler-bucket-allocator-granularity=16"
    "memorysetup-profiler-bucket-allocator-bucket-count=8"
    "memorysetup-profiler-bucket-allocator-block-size=33554432"
    "memorysetup-profiler-bucket-allocator-block-count=8"
    "memorysetup-profiler-allocator-block-size=16777216"
    "memorysetup-profiler-editor-allocator-block-size=1048576"
    "memorysetup-temp-allocator-size-main=16777216"
    "memorysetup-job-temp-allocator-block-size=2097152"
    "memorysetup-job-temp-allocator-block-size-background=1048576"
    "memorysetup-job-temp-allocator-reduction-small-platforms=262144"
    "memorysetup-temp-allocator-size-background-worker=32768"
    "memorysetup-temp-allocator-size-job-worker=262144"
    "memorysetup-temp-allocator-size-preload-manager=33554432"
    "memorysetup-temp-allocator-size-nav-mesh-worker=65536"
    "memorysetup-temp-allocator-size-audio-worker=65536"
    "memorysetup-temp-allocator-size-cloud-worker=32768"
    "memorysetup-temp-allocator-size-gi-baking-worker=262144"
    "memorysetup-temp-allocator-size-gfx=262144"
Player connection [19440] Host "[IP] 192.168.1.120 [Port] 0 [Flags] 2 [Guid] 1591048155 [EditorId] 1591048155 [Version] 1048832 [Id] WindowsEditor(7,DESKTOP-C2K7U42) [Debug] 1 [PackageName] WindowsEditor [ProjectName] Editor" joined multi-casting on [225.0.0.222:54997]...

Player connection [19440] Host "[IP] 192.168.1.120 [Port] 0 [Flags] 2 [Guid] 1591048155 [EditorId] 1591048155 [Version] 1048832 [Id] WindowsEditor(7,DESKTOP-C2K7U42) [Debug] 1 [PackageName] WindowsEditor [ProjectName] Editor" joined alternative multi-casting on [225.0.0.222:34997]...

Refreshing native plugins compatible for Editor in 88.86 ms, found 3 plugins.
Preloading 0 native plugins for Editor in 0.00 ms.
Initialize engine version: 2021.3.19f1 (c9714fde33b6)
[Subsystems] Discovering subsystems at path C:/Program Files/Unity/Hub/Editor/2021.3.19f1/Editor/Data/Resources/UnitySubsystems
[Subsystems] Discovering subsystems at path D:/Unity/House3D/House3D/Assets
GfxDevice: creating device client; threaded=0; jobified=0
Direct3D:
    Version:  Direct3D 11.0 [level 11.1]
    Renderer: NVIDIA GeForce MX250 (ID=0x1d13)
    Vendor:   NVIDIA
    VRAM:     1983 MB
    Driver:   30.0.14.9729
Initialize mono
Mono path[0] = 'C:/Program Files/Unity/Hub/Editor/2021.3.19f1/Editor/Data/Managed'
Mono path[1] = 'C:/Program Files/Unity/Hub/Editor/2021.3.19f1/Editor/Data/MonoBleedingEdge/lib/mono/unityjit-win32'
Mono config path = 'C:/Program Files/Unity/Hub/Editor/2021.3.19f1/Editor/Data/MonoBleedingEdge/etc'
Using monoOptions --debugger-agent=transport=dt_socket,embedding=1,server=y,suspend=n,address=127.0.0.1:56892
Begin MonoManager ReloadAssembly
Registering precompiled unity dll's ...
Register platform support module: C:/Program Files/Unity/Hub/Editor/2021.3.19f1/Editor/Data/PlaybackEngines/WebGLSupport/UnityEditor.WebGL.Extensions.dll
Register platform support module: C:/Program Files/Unity/Hub/Editor/2021.3.19f1/Editor/Data/PlaybackEngines/AndroidPlayer/UnityEditor.Android.Extensions.dll
Register platform support module: C:/Program Files/Unity/Hub/Editor/2021.3.19f1/Editor/Data/PlaybackEngines/WindowsStandaloneSupport/UnityEditor.WindowsStandalone.Extensions.dll
Register platform support module: C:/Program Files/Unity/Hub/Editor/2021.3.19f1/Editor/Data/PlaybackEngines/MetroSupport/UnityEditor.UWP.Extensions.dll
Registered in 0.010939 seconds.
Native extension for UWP target not found
Native extension for WindowsStandalone target not found
Native extension for Android target not found
Android Extension - Scanning For ADB Devices 255 ms
Native extension for WebGL target not found
Refreshing native plugins compatible for Editor in 82.55 ms, found 3 plugins.
Preloading 0 native plugins for Editor in 0.00 ms.
Mono: successfully reloaded assembly
- Completed reload, in  0.967 seconds
Domain Reload Profiling:
	ReloadAssembly (967ms)
		BeginReloadAssembly (80ms)
			ExecutionOrderSort (0ms)
			DisableScriptedObjects (0ms)
			BackupInstance (0ms)
			ReleaseScriptingObjects (0ms)
			CreateAndSetChildDomain (1ms)
		EndReloadAssembly (772ms)
			LoadAssemblies (78ms)
			RebuildTransferFunctionScriptingTraits (0ms)
			SetupTypeCache (116ms)
			ReleaseScriptCaches (0ms)
			RebuildScriptCaches (31ms)
			SetupLoadedEditorAssemblies (568ms)
				LogAssemblyErrors (0ms)
				InitializePlatformSupportModulesInManaged (347ms)
				SetLoadedEditorAssemblies (0ms)
				RefreshPlugins (83ms)
				BeforeProcessingInitializeOnLoad (1ms)
				ProcessInitializeOnLoadAttributes (90ms)
				ProcessInitializeOnLoadMethodAttributes (48ms)
				AfterProcessingInitializeOnLoad (0ms)
				EditorAssembliesLoaded (0ms)
			ExecutionOrderSort2 (0ms)
			AwakeInstancesAfterBackupRestoration (0ms)
Platform modules already initialized, skipping
Registering precompiled user dll's ...
Registered in 0.003872 seconds.
Begin MonoManager ReloadAssembly
Symbol file LoadedFromMemory doesn't match image D:\Unity\House3D\House3D\Library\PackageCache\com.unity.visualscripting@1.8.0\Editor\VisualScripting.Core\Dependencies\YamlDotNet\Unity.VisualScripting.YamlDotNet.dll
Symbol file LoadedFromMemory doesn't match image D:\Unity\House3D\House3D\Library\PackageCache\com.unity.visualscripting@1.8.0\Editor\VisualScripting.Core\Dependencies\DotNetZip\Unity.VisualScripting.IonicZip.dll
Native extension for UWP target not found
Native extension for WindowsStandalone target not found
Native extension for Android target not found
Native extension for WebGL target not found
Refreshing native plugins compatible for Editor in 0.55 ms, found 3 plugins.
Preloading 0 native plugins for Editor in 0.00 ms.
Mono: successfully reloaded assembly
- Completed reload, in  1.319 seconds
Domain Reload Profiling:
	ReloadAssembly (1320ms)
		BeginReloadAssembly (213ms)
			ExecutionOrderSort (0ms)
			DisableScriptedObjects (10ms)
			BackupInstance (0ms)
			ReleaseScriptingObjects (0ms)
			CreateAndSetChildDomain (20ms)
		EndReloadAssembly (922ms)
			LoadAssemblies (180ms)
			RebuildTransferFunctionScriptingTraits (0ms)
			SetupTypeCache (352ms)
			ReleaseScriptCaches (1ms)
			RebuildScriptCaches (65ms)
			SetupLoadedEditorAssemblies (344ms)
				LogAssemblyErrors (0ms)
				InitializePlatformSupportModulesInManaged (20ms)
				SetLoadedEditorAssemblies (0ms)
				RefreshPlugins (1ms)
				BeforeProcessingInitializeOnLoad (82ms)
				ProcessInitializeOnLoadAttributes (213ms)
				ProcessInitializeOnLoadMethodAttributes (19ms)
				AfterProcessingInitializeOnLoad (9ms)
				EditorAssembliesLoaded (0ms)
			ExecutionOrderSort2 (0ms)
			AwakeInstancesAfterBackupRestoration (5ms)
Platform modules already initialized, skipping
========================================================================
Worker process is ready to serve import requests
Launched and connected shader compiler UnityShaderCompiler.exe after 0.05 seconds
Refreshing native plugins compatible for Editor in 0.51 ms, found 3 plugins.
Preloading 0 native plugins for Editor in 0.00 ms.
Unloading 3047 Unused Serialized files (Serialized files now loaded: 0)
Unloading 24 unused Assets / (113.4 KB). Loaded Objects now: 3509.
Memory consumption went from 107.8 MB to 107.7 MB.
Total: 3.576300 ms (FindLiveObjects: 0.296000 ms CreateObjectMapping: 0.209000 ms MarkObjects: 2.950300 ms  DeleteObjects: 0.120000 ms)

AssetImportParameters requested are different than current active one (requested -> active):
  custom:video-decoder-ogg-theora: a1e56fd34408186e4bbccfd4996cb3dc -> 
  custom:container-muxer-webm: aa71ff27fc2769a1b78a27578f13a17b -> 
  custom:container-demuxer-webm: 4f35f7cbe854078d1ac9338744f61a02 -> 
  custom:video-encoder-webm-vp8: eb34c28f22e8b96e1ab97ce403110664 -> 
  custom:audio-encoder-webm-vorbis: bf7c407c2cedff20999df2af8eb42d56 -> 
  custom:framework-win-MediaFoundation: 216162199b28c13a410421893ffa2e32 -> 
  custom:container-demuxer-ogg: 62fdf1f143b41e24485cea50d1cbac27 -> 
  custom:video-decoder-webm-vp8: 9c59270c3fd7afecdb556c50c9e8de78 -> 
  custom:audio-decoder-ogg-vorbis: bf7c407c2cedff20999df2af8eb42d56 -> 
========================================================================
Received Import Request.
  Time since last request: 446850.016131 seconds.
  path: Assets/7 Shell.fbx
  artifactKey: Guid(951ea0771d8b59947bf66f86a2608726) Importer(815301076,1909f56bfc062723c751e8b465ee728b)
Start importing Assets/7 Shell.fbx using Guid(951ea0771d8b59947bf66f86a2608726) Importer(815301076,1909f56bfc062723c751e8b465ee728b)  -> (artifact id: 'd5e10f79396575b889bc5fe16cf48367') in 0.314038 seconds 
========================================================================
Received Import Request.
  Time since last request: 1102.598226 seconds.
  path: Assets/InteriorMaterials/03 - Default.mat
  artifactKey: Guid(547c52a79546f3e45b2a55ddab4185a7) Importer(815301076,1909f56bfc062723c751e8b465ee728b)
Start importing Assets/InteriorMaterials/03 - Default.mat using Guid(547c52a79546f3e45b2a55ddab4185a7) Importer(815301076,1909f56bfc062723c751e8b465ee728b)  -> (artifact id: 'ccc1456fd943c148cd5152fb8784d95d') in 0.074264 seconds 
========================================================================
Received Import Request.
  Time since last request: 0.000049 seconds.
  path: Assets/InteriorMaterials/Material #1.mat
  artifactKey: Guid(15e5ed2007f974741b7ff62d5d0eb68a) Importer(815301076,1909f56bfc062723c751e8b465ee728b)
Start importing Assets/InteriorMaterials/Material #1.mat using Guid(15e5ed2007f974741b7ff62d5d0eb68a) Importer(815301076,1909f56bfc062723c751e8b465ee728b)  -> (artifact id: 'cab202bee61d498c75c779ebbd473071') in 0.017328 seconds 
========================================================================
Received Import Request.
  Time since last request: 0.000034 seconds.
  path: Assets/InteriorMaterials/Material #2143571388.mat
  artifactKey: Guid(7473bade859c3c348ac6d696f69eb814) Importer(815301076,1909f56bfc062723c751e8b465ee728b)
Start importing Assets/InteriorMaterials/Material #2143571388.mat using Guid(7473bade859c3c348ac6d696f69eb814) Importer(815301076,1909f56bfc062723c751e8b465ee728b)  -> (artifact id: 'c9a7fbd6eef91521aced405f73b86507') in 0.027044 seconds 
========================================================================
Received Import Request.
  Time since last request: 0.000032 seconds.
  path: Assets/InteriorMaterials/BRIGHT_METALL.mat
  artifactKey: Guid(f77edc6d31378614a9401ef6c8791f9d) Importer(815301076,1909f56bfc062723c751e8b465ee728b)
Start importing Assets/InteriorMaterials/BRIGHT_METALL.mat using Guid(f77edc6d31378614a9401ef6c8791f9d) Importer(815301076,1909f56bfc062723c751e8b465ee728b)  -> (artifact id: '0a4655173b6b3da18e10e671aee9ab93') in 0.012913 seconds 
========================================================================
Received Import Request.
  Time since last request: 0.000040 seconds.
  path: Assets/InteriorMaterials/f-door.mat
  artifactKey: Guid(f768b6789255d6c419be48b7e95e346a) Importer(815301076,1909f56bfc062723c751e8b465ee728b)
Start importing Assets/InteriorMaterials/f-door.mat using Guid(f768b6789255d6c419be48b7e95e346a) Importer(815301076,1909f56bfc062723c751e8b465ee728b)  -> (artifact id: 'f396f9ca6ee4c145c107b9386317b90b') in 0.010929 seconds 
========================================================================
Received Import Request.
  Time since last request: 0.000050 seconds.
  path: Assets/InteriorMaterials/Material #2143571405.mat
  artifactKey: Guid(81655cfb6d11df2479d481afcb1d7d17) Importer(815301076,1909f56bfc062723c751e8b465ee728b)
Start importing Assets/InteriorMaterials/Material #2143571405.mat using Guid(81655cfb6d11df2479d481afcb1d7d17) Importer(815301076,1909f56bfc062723c751e8b465ee728b)  -> (artifact id: 'b5524828ac1d791506daf7251477a9d3') in 0.012393 seconds 
========================================================================
Received Import Request.
  Time since last request: 0.000045 seconds.
  path: Assets/InteriorMaterials/Plitka mat6.mat
  artifactKey: Guid(61a19d45781599c4aa7ed8e8bc102dfb) Importer(815301076,1909f56bfc062723c751e8b465ee728b)
Start importing Assets/InteriorMaterials/Plitka mat6.mat using Guid(61a19d45781599c4aa7ed8e8bc102dfb) Importer(815301076,1909f56bfc062723c751e8b465ee728b)  -> (artifact id: '372932d736557de5189f0833d4d62c8a') in 0.314414 seconds 
========================================================================
Received Import Request.
  Time since last request: 0.000031 seconds.
  path: Assets/InteriorMaterials/Material #2143571558.mat
  artifactKey: Guid(b1ded1d2139015e4d866849b2f247dee) Importer(815301076,1909f56bfc062723c751e8b465ee728b)
Start importing Assets/InteriorMaterials/Material #2143571558.mat using Guid(b1ded1d2139015e4d866849b2f247dee) Importer(815301076,1909f56bfc062723c751e8b465ee728b)  -> (artifact id: '0d1d2df519ac15f3fc2a00cb7dc8baf4') in 0.010031 seconds 
========================================================================
Received Import Request.
  Time since last request: 0.000052 seconds.
  path: Assets/InteriorMaterials/black_plafon.mat
  artifactKey: Guid(dc0a3c2a48eaaab488263a991c0b6790) Importer(815301076,1909f56bfc062723c751e8b465ee728b)
Start importing Assets/InteriorMaterials/black_plafon.mat using Guid(dc0a3c2a48eaaab488263a991c0b6790) Importer(815301076,1909f56bfc062723c751e8b465ee728b)  -> (artifact id: 'c01c301ac3801e6664b2050a9941d065') in 0.013914 seconds 
========================================================================
Received Import Request.
  Time since last request: 0.000026 seconds.
  path: Assets/InteriorMaterials/Glass.mat
  artifactKey: Guid(463feb1ba71a22a4b93bc8bedc08c43f) Importer(815301076,1909f56bfc062723c751e8b465ee728b)
Start importing Assets/InteriorMaterials/Glass.mat using Guid(463feb1ba71a22a4b93bc8bedc08c43f) Importer(815301076,1909f56bfc062723c751e8b465ee728b)  -> (artifact id: '016055755c7ba6815a5564195d773fd4') in 0.399069 seconds 
========================================================================
Received Import Request.
  Time since last request: 0.000052 seconds.
  path: Assets/InteriorMaterials/Material #2143571559.mat
  artifactKey: Guid(98c4d81b7ac9b3c48b2c242e916e07eb) Importer(815301076,1909f56bfc062723c751e8b465ee728b)
Start importing Assets/InteriorMaterials/Material #2143571559.mat using Guid(98c4d81b7ac9b3c48b2c242e916e07eb) Importer(815301076,1909f56bfc062723c751e8b465ee728b)  -> (artifact id: '39f5ecb9a1b29ba3fa57de86171a9d63') in 0.017216 seconds 
========================================================================
Received Import Request.
  Time since last request: 0.000036 seconds.
  path: Assets/InteriorMaterials/white_walls.mat
  artifactKey: Guid(cd8e34666a611c14ab554e1affb0bb28) Importer(815301076,1909f56bfc062723c751e8b465ee728b)
Start importing Assets/InteriorMaterials/white_walls.mat using Guid(cd8e34666a611c14ab554e1affb0bb28) Importer(815301076,1909f56bfc062723c751e8b465ee728b)  -> (artifact id: '8d59a1501a33a179c28afdb0a1a09d71') in 0.012234 seconds 
========================================================================
Received Import Request.
  Time since last request: 0.000031 seconds.
  path: Assets/InteriorMaterials/steel 2 3.mat
  artifactKey: Guid(4f147fcff40b6924e89abd4074a7b675) Importer(815301076,1909f56bfc062723c751e8b465ee728b)
Start importing Assets/InteriorMaterials/steel 2 3.mat using Guid(4f147fcff40b6924e89abd4074a7b675) Importer(815301076,1909f56bfc062723c751e8b465ee728b)  -> (artifact id: '82cbddb4536d38da32fbeef198df5e4f') in 0.012072 seconds 
========================================================================
Received Import Request.
  Time since last request: 0.000088 seconds.
  path: Assets/InteriorMaterials/Standardmaterial.mat
  artifactKey: Guid(746fdb361800e114cb256714df99adb1) Importer(815301076,1909f56bfc062723c751e8b465ee728b)
Start importing Assets/InteriorMaterials/Standardmaterial.mat using Guid(746fdb361800e114cb256714df99adb1) Importer(815301076,1909f56bfc062723c751e8b465ee728b)  -> (artifact id: '1c444ada633ea7d14018339e82aa685a') in 0.017369 seconds 
========================================================================
Received Import Request.
  Time since last request: 0.000036 seconds.
  path: Assets/InteriorMaterials/lamp5x.mat
  artifactKey: Guid(3e8faf3240463834390501b17796c9c5) Importer(815301076,1909f56bfc062723c751e8b465ee728b)
Start importing Assets/InteriorMaterials/lamp5x.mat using Guid(3e8faf3240463834390501b17796c9c5) Importer(815301076,1909f56bfc062723c751e8b465ee728b)  -> (artifact id: '13c5f2476d8c76a5964637cf0772155e') in 0.012064 seconds 
========================================================================
Received Import Request.
  Time since last request: 0.000037 seconds.
  path: Assets/InteriorMaterials/Material #2143571410.mat
  artifactKey: Guid(f8597a2b4dcdd70428895ed5f3118061) Importer(815301076,1909f56bfc062723c751e8b465ee728b)
Start importing Assets/InteriorMaterials/Material #2143571410.mat using Guid(f8597a2b4dcdd70428895ed5f3118061) Importer(815301076,1909f56bfc062723c751e8b465ee728b)  -> (artifact id: '42dfcc4b1cd7ea37534bfb7bff40ee54') in 0.011617 seconds 
========================================================================
Received Import Request.
  Time since last request: 0.000023 seconds.
  path: Assets/InteriorMaterials/Material #2143571563.mat
  artifactKey: Guid(d9b7e50e859ac8c45b8565b54c01c45f) Importer(815301076,1909f56bfc062723c751e8b465ee728b)
Start importing Assets/InteriorMaterials/Material #2143571563.mat using Guid(d9b7e50e859ac8c45b8565b54c01c45f) Importer(815301076,1909f56bfc062723c751e8b465ee728b)  -> (artifact id: '0e40815eddc7f938f534a496f5d912f4') in 0.017853 seconds 
========================================================================
Received Import Request.
  Time since last request: 5.861035 seconds.
  path: Assets/InteriorMaterials/wood_venge.mat
  artifactKey: Guid(d52e0f70db9e8b440baec457b4126cf3) Importer(815301076,1909f56bfc062723c751e8b465ee728b)
Start importing Assets/InteriorMaterials/wood_venge.mat using Guid(d52e0f70db9e8b440baec457b4126cf3) Importer(815301076,1909f56bfc062723c751e8b465ee728b)  -> (artifact id: '767c26cb174c1297568b35a9950c9e6e') in 0.006982 seconds 
========================================================================
Received Import Request.
  Time since last request: 0.000038 seconds.
  path: Assets/InteriorMaterials/металл.mat
  artifactKey: Guid(37013c0343d272b40a12ad90b2bce5ec) Importer(815301076,1909f56bfc062723c751e8b465ee728b)
Start importing Assets/InteriorMaterials/металл.mat using Guid(37013c0343d272b40a12ad90b2bce5ec) Importer(815301076,1909f56bfc062723c751e8b465ee728b)  -> (artifact id: '3ee1d57cdceea317a2b1cf4e4dc918bb') in 0.010914 seconds 
========================================================================
Received Import Request.
  Time since last request: 238.334230 seconds.
  path: Assets/NoName.mat
  artifactKey: Guid(c9be8b1e84b4c8249b7b4611b3666366) Importer(815301076,1909f56bfc062723c751e8b465ee728b)
Start importing Assets/NoName.mat using Guid(c9be8b1e84b4c8249b7b4611b3666366) Importer(815301076,1909f56bfc062723c751e8b465ee728b)  -> (artifact id: '1412b6d728551fc2478e22b1168fa3b8') in 0.010355 seconds 
========================================================================
Received Import Request.
  Time since last request: 0.707774 seconds.
  path: Assets/7 Interior.fbx
  artifactKey: Guid(f39cc5c1ba96a934981b5e8269678dbb) Importer(815301076,1909f56bfc062723c751e8b465ee728b)
Start importing Assets/7 Interior.fbx using Guid(f39cc5c1ba96a934981b5e8269678dbb) Importer(815301076,1909f56bfc062723c751e8b465ee728b)  -> (artifact id: '8d6bab624cdb178e0708a78deb3b9dc5') in 0.844380 seconds 
